<?xml version="1.0" encoding="UTF-8"?>
<!-- Generated by org.testng.reporters.JUnitXMLReporter -->
<testsuite hostname="Munias-MBP.home" ignored="0" name="Default test" tests="6" failures="0" timestamp="22 Jan 2019 19:24:05 GMT" time="54.989" errors="0">
  <testcase name="runtest" time="35.031" classname="Test.FirstTest"/>
  <testcase name="runtest" time="3.558" classname="Test.FirstTest"/>
  <testcase name="runtest" time="3.922" classname="Test.FirstTest"/>
  <testcase name="runtest" time="3.658" classname="Test.FirstTest"/>
  <testcase name="runtest" time="3.387" classname="Test.FirstTest"/>
  <testcase name="runtest" time="5.369" classname="Test.FirstTest"/>
</testsuite> <!-- Default test -->
